<?xml version="1.0" encoding="UTF-8"?>
<testsuite xmlns:xsi="http://www.w3.org/2001/XMLSchema-instance" xsi:noNamespaceSchemaLocation="https://maven.apache.org/surefire/maven-surefire-plugin/xsd/surefire-test-report.xsd" name="TestSuite" time="531.965" tests="90" errors="0" skipped="8" failures="2">
  <properties>
    <property name="sun.desktop" value="windows"/>
    <property name="awt.toolkit" value="sun.awt.windows.WToolkit"/>
    <property name="surefire.suiteXmlFiles" value="src/main/resources/testng/api/suite/Suite.xml"/>
    <property name="file.encoding.pkg" value="sun.io"/>
    <property name="java.specification.version" value="1.8"/>
    <property name="sun.cpu.isalist" value="amd64"/>
    <property name="sun.jnu.encoding" value="GBK"/>
    <property name="java.class.path" value="E:\project\hlife\hlife\target\test-classes;E:\project\hlife\hlife\target\classes;C:\Users\Administrator\.m2\repository\com\squareup\okhttp3\logging-interceptor\3.10.0\logging-interceptor-3.10.0.jar;C:\Users\Administrator\.m2\repository\com\squareup\okhttp3\okhttp\3.10.0\okhttp-3.10.0.jar;C:\Users\Administrator\.m2\repository\com\squareup\okio\okio\1.14.0\okio-1.14.0.jar;C:\Users\Administrator\.m2\repository\org\testng\testng\6.14.2\testng-6.14.2.jar;C:\Users\Administrator\.m2\repository\com\beust\jcommander\1.72\jcommander-1.72.jar;C:\Users\Administrator\.m2\repository\org\apache-extras\beanshell\bsh\2.0b6\bsh-2.0b6.jar;C:\Users\Administrator\.m2\repository\com\aventstack\extentreports\3.1.2\extentreports-3.1.2.jar;C:\Users\Administrator\.m2\repository\org\freemarker\freemarker\2.3.23\freemarker-2.3.23.jar;C:\Users\Administrator\.m2\repository\org\mongodb\mongodb-driver\3.3.0\mongodb-driver-3.3.0.jar;C:\Users\Administrator\.m2\repository\org\mongodb\bson\3.3.0\bson-3.3.0.jar;C:\Users\Administrator\.m2\repository\org\mongodb\mongodb-driver-core\3.3.0\mongodb-driver-core-3.3.0.jar;C:\Users\Administrator\.m2\repository\org\apache\httpcomponents\httpclient\4.5.2\httpclient-4.5.2.jar;C:\Users\Administrator\.m2\repository\org\apache\httpcomponents\httpcore\4.4.4\httpcore-4.4.4.jar;C:\Users\Administrator\.m2\repository\commons-logging\commons-logging\1.2\commons-logging-1.2.jar;C:\Users\Administrator\.m2\repository\commons-codec\commons-codec\1.9\commons-codec-1.9.jar;C:\Users\Administrator\.m2\repository\org\apache\httpcomponents\httpmime\4.5.2\httpmime-4.5.2.jar;C:\Users\Administrator\.m2\repository\org\jsoup\jsoup\1.9.2\jsoup-1.9.2.jar;C:\Users\Administrator\.m2\repository\com\google\code\gson\gson\2.8.0\gson-2.8.0.jar;C:\Users\Administrator\.m2\repository\com\relevantcodes\extentreports\2.41.2\extentreports-2.41.2.jar;C:\Users\Administrator\.m2\repository\org\xerial\sqlite-jdbc\3.8.11.1\sqlite-jdbc-3.8.11.1.jar;C:\Users\Administrator\.m2\repository\com\vimalselvam\testng-extentsreport\1.3.1\testng-extentsreport-1.3.1.jar;C:\Users\Administrator\.m2\repository\com\google\guava\guava\18.0\guava-18.0.jar;C:\Users\Administrator\.m2\repository\org\slf4j\slf4j-log4j12\1.6.4\slf4j-log4j12-1.6.4.jar;C:\Users\Administrator\.m2\repository\org\slf4j\slf4j-api\1.6.4\slf4j-api-1.6.4.jar;C:\Users\Administrator\.m2\repository\log4j\log4j\1.2.16\log4j-1.2.16.jar;C:\Users\Administrator\.m2\repository\org\projectlombok\lombok\1.16.18\lombok-1.16.18.jar;C:\Users\Administrator\.m2\repository\com\alibaba\fastjson\1.2.47\fastjson-1.2.47.jar;C:\Users\Administrator\.m2\repository\redis\clients\jedis\3.1.0\jedis-3.1.0.jar;C:\Users\Administrator\.m2\repository\org\apache\commons\commons-pool2\2.6.2\commons-pool2-2.6.2.jar;C:\Users\Administrator\.m2\repository\mysql\mysql-connector-java\5.1.24\mysql-connector-java-5.1.24.jar;C:\Users\Administrator\.m2\repository\org\apache\commons\commons-lang3\3.4\commons-lang3-3.4.jar;C:\Users\Administrator\.m2\repository\org\bouncycastle\bcprov-jdk16\1.46\bcprov-jdk16-1.46.jar;C:\Users\Administrator\.m2\repository\org\apache\maven\surefire\surefire-testng-utils\2.22.0\surefire-testng-utils-2.22.0.jar;C:\Users\Administrator\.m2\repository\org\apache\maven\surefire\surefire-grouper\2.22.0\surefire-grouper-2.22.0.jar;"/>
    <property name="java.vm.vendor" value="Oracle Corporation"/>
    <property name="sun.arch.data.model" value="64"/>
    <property name="user.variant" value=""/>
    <property name="java.vendor.url" value="http://java.oracle.com/"/>
    <property name="user.timezone" value="Asia/Shanghai"/>
    <property name="java.vm.specification.version" value="1.8"/>
    <property name="os.name" value="Windows 10"/>
    <property name="user.country" value="CN"/>
    <property name="sun.java.launcher" value="SUN_STANDARD"/>
    <property name="sun.boot.library.path" value="D:\software\JDK1.8\jre\bin"/>
    <property name="sun.java.command" value="C:\Users\ADMINI~1\AppData\Local\Temp\surefire338500136138414066\surefirebooter6911566781804032363.jar C:\Users\Administrator\AppData\Local\Temp\surefire338500136138414066 2021-09-23T17-59-03_855-jvmRun1 surefire2196260489792465637tmp surefire_08583352146375640078tmp"/>
    <property name="surefire.test.class.path" value="E:\project\hlife\hlife\target\test-classes;E:\project\hlife\hlife\target\classes;C:\Users\Administrator\.m2\repository\com\squareup\okhttp3\logging-interceptor\3.10.0\logging-interceptor-3.10.0.jar;C:\Users\Administrator\.m2\repository\com\squareup\okhttp3\okhttp\3.10.0\okhttp-3.10.0.jar;C:\Users\Administrator\.m2\repository\com\squareup\okio\okio\1.14.0\okio-1.14.0.jar;C:\Users\Administrator\.m2\repository\org\testng\testng\6.14.2\testng-6.14.2.jar;C:\Users\Administrator\.m2\repository\com\beust\jcommander\1.72\jcommander-1.72.jar;C:\Users\Administrator\.m2\repository\org\apache-extras\beanshell\bsh\2.0b6\bsh-2.0b6.jar;C:\Users\Administrator\.m2\repository\com\aventstack\extentreports\3.1.2\extentreports-3.1.2.jar;C:\Users\Administrator\.m2\repository\org\freemarker\freemarker\2.3.23\freemarker-2.3.23.jar;C:\Users\Administrator\.m2\repository\org\mongodb\mongodb-driver\3.3.0\mongodb-driver-3.3.0.jar;C:\Users\Administrator\.m2\repository\org\mongodb\bson\3.3.0\bson-3.3.0.jar;C:\Users\Administrator\.m2\repository\org\mongodb\mongodb-driver-core\3.3.0\mongodb-driver-core-3.3.0.jar;C:\Users\Administrator\.m2\repository\org\apache\httpcomponents\httpclient\4.5.2\httpclient-4.5.2.jar;C:\Users\Administrator\.m2\repository\org\apache\httpcomponents\httpcore\4.4.4\httpcore-4.4.4.jar;C:\Users\Administrator\.m2\repository\commons-logging\commons-logging\1.2\commons-logging-1.2.jar;C:\Users\Administrator\.m2\repository\commons-codec\commons-codec\1.9\commons-codec-1.9.jar;C:\Users\Administrator\.m2\repository\org\apache\httpcomponents\httpmime\4.5.2\httpmime-4.5.2.jar;C:\Users\Administrator\.m2\repository\org\jsoup\jsoup\1.9.2\jsoup-1.9.2.jar;C:\Users\Administrator\.m2\repository\com\google\code\gson\gson\2.8.0\gson-2.8.0.jar;C:\Users\Administrator\.m2\repository\com\relevantcodes\extentreports\2.41.2\extentreports-2.41.2.jar;C:\Users\Administrator\.m2\repository\org\xerial\sqlite-jdbc\3.8.11.1\sqlite-jdbc-3.8.11.1.jar;C:\Users\Administrator\.m2\repository\com\vimalselvam\testng-extentsreport\1.3.1\testng-extentsreport-1.3.1.jar;C:\Users\Administrator\.m2\repository\com\google\guava\guava\18.0\guava-18.0.jar;C:\Users\Administrator\.m2\repository\org\slf4j\slf4j-log4j12\1.6.4\slf4j-log4j12-1.6.4.jar;C:\Users\Administrator\.m2\repository\org\slf4j\slf4j-api\1.6.4\slf4j-api-1.6.4.jar;C:\Users\Administrator\.m2\repository\log4j\log4j\1.2.16\log4j-1.2.16.jar;C:\Users\Administrator\.m2\repository\org\projectlombok\lombok\1.16.18\lombok-1.16.18.jar;C:\Users\Administrator\.m2\repository\com\alibaba\fastjson\1.2.47\fastjson-1.2.47.jar;C:\Users\Administrator\.m2\repository\redis\clients\jedis\3.1.0\jedis-3.1.0.jar;C:\Users\Administrator\.m2\repository\org\apache\commons\commons-pool2\2.6.2\commons-pool2-2.6.2.jar;C:\Users\Administrator\.m2\repository\mysql\mysql-connector-java\5.1.24\mysql-connector-java-5.1.24.jar;C:\Users\Administrator\.m2\repository\org\apache\commons\commons-lang3\3.4\commons-lang3-3.4.jar;C:\Users\Administrator\.m2\repository\org\bouncycastle\bcprov-jdk16\1.46\bcprov-jdk16-1.46.jar;C:\Users\Administrator\.m2\repository\org\apache\maven\surefire\surefire-testng-utils\2.22.0\surefire-testng-utils-2.22.0.jar;C:\Users\Administrator\.m2\repository\org\apache\maven\surefire\surefire-grouper\2.22.0\surefire-grouper-2.22.0.jar;"/>
    <property name="sun.cpu.endian" value="little"/>
    <property name="user.home" value="C:\Users\Administrator"/>
    <property name="user.language" value="zh"/>
    <property name="java.specification.vendor" value="Oracle Corporation"/>
    <property name="java.home" value="D:\software\JDK1.8\jre"/>
    <property name="basedir" value="E:\project\hlife\hlife"/>
    <property name="file.separator" value="\"/>
    <property name="line.separator" value="&#10;"/>
    <property name="java.vm.specification.vendor" value="Oracle Corporation"/>
    <property name="java.specification.name" value="Java Platform API Specification"/>
    <property name="java.awt.graphicsenv" value="sun.awt.Win32GraphicsEnvironment"/>
    <property name="surefire.real.class.path" value="C:\Users\ADMINI~1\AppData\Local\Temp\surefire338500136138414066\surefirebooter6911566781804032363.jar"/>
    <property name="sun.boot.class.path" value="D:\software\JDK1.8\jre\lib\resources.jar;D:\software\JDK1.8\jre\lib\rt.jar;D:\software\JDK1.8\jre\lib\sunrsasign.jar;D:\software\JDK1.8\jre\lib\jsse.jar;D:\software\JDK1.8\jre\lib\jce.jar;D:\software\JDK1.8\jre\lib\charsets.jar;D:\software\JDK1.8\jre\lib\jfr.jar;D:\software\JDK1.8\jre\classes"/>
    <property name="user.script" value=""/>
    <property name="sun.management.compiler" value="HotSpot 64-Bit Tiered Compilers"/>
    <property name="java.runtime.version" value="1.8.0_161-b12"/>
    <property name="user.name" value="Administrator"/>
    <property name="path.separator" value=";"/>
    <property name="os.version" value="10.0"/>
    <property name="java.endorsed.dirs" value="D:\software\JDK1.8\jre\lib\endorsed"/>
    <property name="java.runtime.name" value="Java(TM) SE Runtime Environment"/>
    <property name="file.encoding" value="UTF-8"/>
    <property name="java.vm.name" value="Java HotSpot(TM) 64-Bit Server VM"/>
    <property name="localRepository" value="C:\Users\Administrator\.m2\repository"/>
    <property name="java.vendor.url.bug" value="http://bugreport.sun.com/bugreport/"/>
    <property name="java.io.tmpdir" value="C:\Users\ADMINI~1\AppData\Local\Temp\"/>
    <property name="idea.version" value="2017.2.5"/>
    <property name="java.version" value="1.8.0_161"/>
    <property name="user.dir" value="E:\project\hlife\hlife"/>
    <property name="os.arch" value="amd64"/>
    <property name="java.vm.specification.name" value="Java Virtual Machine Specification"/>
    <property name="java.awt.printerjob" value="sun.awt.windows.WPrinterJob"/>
    <property name="sun.os.patch.level" value=""/>
    <property name="java.library.path" value="D:\software\JDK1.8\jre\bin;C:\Windows\Sun\Java\bin;C:\Windows\system32;C:\Windows;D:\pythonEniromemt\Python\Scripts\;D:\pythonEniromemt\Python\;C:\Windows\system32;C:\Windows;C:\Windows\System32\Wbem;C:\Windows\System32\WindowsPowerShell\v1.0\;D:\software\JDK1.8\\bin;D:\software\MySql\bin;D:\apache-jmeter-3.0\bin;D:\apache-jmeter-5.0\bin;E:\software\mysql\bin;E:\software\apache-maven-3.3.1\bin;C:\Users\Administrator\AppData\Local\Microsoft\WindowsApps;D:\fiddler;C:\Users\Administrator\AppData\Local\BypassRuntm;D:\IDEA\IntelliJIDEA2019.2.3\bin;;C:\Users\Administrator\AppData\Local\GitHubDesktop\bin;."/>
    <property name="java.vm.info" value="mixed mode"/>
    <property name="java.vendor" value="Oracle Corporation"/>
    <property name="java.vm.version" value="25.161-b12"/>
    <property name="java.ext.dirs" value="D:\software\JDK1.8\jre\lib\ext;C:\Windows\Sun\Java\lib\ext"/>
    <property name="sun.io.unicode.encoding" value="UnicodeLittle"/>
    <property name="java.class.version" value="52.0"/>
  </properties>
  <testcase name="liveCategoryList" classname="hlife.test.integration.LiveList" time="0.17"/>
  <testcase name="liveFocuslist" classname="hlife.test.integration.LiveList" time="55.232"/>
  <testcase name="liveRecommend" classname="hlife.test.integration.LiveList" time="0.155"/>
  <testcase name="liveRecommendlist" classname="hlife.test.integration.LiveList" time="6.781"/>
  <testcase name="advList" classname="hlife.test.integration.LiveList" time="0.646"/>
  <testcase name="liveList" classname="hlife.test.integration.LiveList" time="3.959"/>
  <testcase name="liveCategorySort" classname="hlife.test.integration.LiveList" time="6.804"/>
  <testcase name="liveCategoryList" classname="hlife.test.integration.LiveGift" time="0.159"/>
  <testcase name="remind" classname="hlife.test.integration.LiveGift" time="0.017">
    <failure message="每间隔1天，判断gift_pop是否走等于0的逻辑liveGiftPopInfo方法 expected [false] but found [true]" type="java.lang.AssertionError">java.lang.AssertionError: 每间隔1天，判断gift_pop是否走等于0的逻辑liveGiftPopInfo方法 expected [false] but found [true]
	at hlife.test.integration.LiveGift.remind(LiveGift.java:673)
</failure>
  </testcase>
  <testcase name="liveCreate" classname="hlife.test.integration.LiveGift" time="3.149"/>
  <testcase name="liveDetail" classname="hlife.test.integration.LiveGift" time="0.342"/>
  <testcase name="liveJoin" classname="hlife.test.integration.LiveGift" time="0.59"/>
  <testcase name="liveGiftPopInfo" classname="hlife.test.integration.LiveGift" time="0"/>
  <testcase name="liveOnlineUser" classname="hlife.test.integration.LiveGift" time="6.191"/>
  <testcase name="liveOpera" classname="hlife.test.integration.LiveGift" time="0.618"/>
  <testcase name="liveQuit" classname="hlife.test.integration.LiveGift" time="0.179"/>
  <testcase name="againCreate" classname="hlife.test.integration.LiveGift" time="3.167"/>
  <testcase name="isDel" classname="hlife.test.integration.LiveGift" time="6.016"/>
  <testcase name="liveGiftList" classname="hlife.test.integration.LiveGift" time="2.363"/>
  <testcase name="liveGiftSend" classname="hlife.test.integration.LiveGift" time="1.239"/>
  <testcase name="payCopperRechargePackage" classname="hlife.test.integration.LiveGift" time="0"/>
  <testcase name="liveGiftUser" classname="hlife.test.integration.LiveGift" time="6.807"/>
  <testcase name="advList" classname="hlife.test.integration.LiveNoticeList" time="0.662"/>
  <testcase name="createLiveNotice" classname="hlife.test.integration.LiveNoticeList" time="1.529"/>
  <testcase name="liveCategoryList" classname="hlife.test.integration.LiveNoticeList" time="0.158"/>
  <testcase name="liveNoticeDet" classname="hlife.test.integration.LiveNoticeList" time="0.659"/>
  <testcase name="liveNoticeFocuslist" classname="hlife.test.integration.LiveNoticeList" time="1.466"/>
  <testcase name="setLiveNoticeRecommend" classname="hlife.test.integration.LiveNoticeList" time="0.002"/>
  <testcase name="liveNoticeEnroll" classname="hlife.test.integration.LiveNoticeList" time="12.823"/>
  <testcase name="liveNoticeList" classname="hlife.test.integration.LiveNoticeList" time="1.128"/>
  <testcase name="liveNoticeRecommendList" classname="hlife.test.integration.LiveNoticeList" time="2.803"/>
  <testcase name="cancelEnroll" classname="hlife.test.integration.LiveNoticeList" time="3.326"/>
  <testcase name="liveNoticeList_mine" classname="hlife.test.integration.LiveNoticeList" time="8.313"/>
  <testcase name="liveNoticeCancel" classname="hlife.test.integration.LiveNoticeList" time="0.167"/>
  <testcase name="fansGroupApply" classname="hlife.test.integration.LiveRoom" time="15.872"/>
  <testcase name="liveCategoryList" classname="hlife.test.integration.LiveRoom" time="0.163"/>
  <testcase name="fansGroupDetail" classname="hlife.test.integration.LiveRoom" time="6.086"/>
  <testcase name="liveAppCreate" classname="hlife.test.integration.LiveRoom" time="6.293"/>
  <testcase name="QuitOrJoin" classname="hlife.test.integration.LiveRoom" time="13.94"/>
  <testcase name="liveCreate" classname="hlife.test.integration.LiveRoom" time="2.997"/>
  <testcase name="liveAppCreate1" classname="hlife.test.integration.LiveRoom" time="6.559"/>
  <testcase name="liveDetail" classname="hlife.test.integration.LiveRoom" time="1.119"/>
  <testcase name="liveUserInfo" classname="hlife.test.integration.LiveRoom" time="6.179"/>
  <testcase name="liveStatus" classname="hlife.test.integration.LiveRoom" time="0.517"/>
  <testcase name="followIndex" classname="hlife.test.integration.LiveRoom" time="12.259"/>
  <testcase name="liveCategoryList" classname="hlife.test.integration.LiveRtcFunc" time="11.844"/>
  <testcase name="liveCreate" classname="hlife.test.integration.LiveRtcFunc" time="3.146"/>
  <testcase name="liveOpenRtcFunc" classname="hlife.test.integration.LiveRtcFunc" time="0.629"/>
  <testcase name="liveJoin" classname="hlife.test.integration.LiveRtcFunc" time="0.94"/>
  <testcase name="chatroomInvite" classname="hlife.test.integration.LiveRtcFunc" time="0.315"/>
  <testcase name="chatroomUserAgree" classname="hlife.test.integration.LiveRtcFunc" time="24.657">
    <failure message="Connect to apitest.hishenghuo.com.cn:4000 [apitest.hishenghuo.com.cn/180.168.92.154] failed: Connection timed out: connect" type="org.apache.http.conn.HttpHostConnectException">org.apache.http.conn.HttpHostConnectException: Connect to apitest.hishenghuo.com.cn:4000 [apitest.hishenghuo.com.cn/180.168.92.154] failed: Connection timed out: connect
	at hlife.test.integration.LiveRtcFunc.chatroomManagement(LiveRtcFunc.java:767)
	at hlife.test.integration.LiveRtcFunc.chatroomUserAgree(LiveRtcFunc.java:298)
Caused by: java.net.ConnectException: Connection timed out: connect
	at hlife.test.integration.LiveRtcFunc.chatroomManagement(LiveRtcFunc.java:767)
	at hlife.test.integration.LiveRtcFunc.chatroomUserAgree(LiveRtcFunc.java:298)
</failure>
    <system-out><![CDATA[access_token:$2y$13$m12yynupQTd8nd93N/67ceuQav1daTc30Wj20RzQF7/bIw3sWoWfa
liveId:9179
2021-09-23 18:04:52 183 INFO  PropertiesUtils:169 - http://apitest.hishenghuo.com.cn:4000/union/chatroom/userAgree/
2021-09-23 18:04:52 502 INFO  LiveRoom:278 - {"msg":"操作成功","data":{"uid":"4062","muteAll":0,"channel":"tj_prod_9179","liveId":"9179","token":"0064864e2786c98440b8563d83799591cfeIADXHKgDT8bmQ0XMZwpo3Ns5P2xxVCjroc1KMhApnzCp308De4uPla07EADfGgEAxqJNYQEAAQDGRVBh"},"status":1}
access_token:$2y$13$m12yynupQTd8nd93N/67ceuQav1daTc30Wj20RzQF7/bIw3sWoWfa
liveId:9179
2021-09-23 18:04:55 504 INFO  PropertiesUtils:169 - http://apitest.hishenghuo.com.cn:4000/union/chatroom/userAgree/
2021-09-23 18:04:55 665 INFO  LiveRoom:289 - {"msg":"您已在聊天室","data":{},"status":0}
access_token:$2y$13$12aCHYsluE/ywtDKXmgb0.mom.OpSlGAfJei2rUCXxoIp5CA6yoi6
liveId:9179
2021-09-23 18:04:55 667 INFO  PropertiesUtils:169 - http://apitest.hishenghuo.com.cn:4000/union/chatroom/inviteList/
2021-09-23 18:04:55 829 INFO  LiveRoom:730 - {"msg":"获取用户列表成功","data":{"pager":{"pagecount":0},"list":[]},"status":1}
access_token:$2y$13$12aCHYsluE/ywtDKXmgb0.mom.OpSlGAfJei2rUCXxoIp5CA6yoi6
liveId:9179
2021-09-23 18:04:55 830 INFO  PropertiesUtils:169 - http://apitest.hishenghuo.com.cn:4000/union/chatroom/management/
]]></system-out>
  </testcase>
  <testcase name="chatroomManage" classname="hlife.test.integration.LiveRtcFunc" time="0">
    <skipped message="Method LiveRtcFunc.chatroomManage()[pri:0, instance:hlife.test.integration.LiveRtcFunc@16267862] depends on not successfully finished methods"/>
  </testcase>
  <testcase name="chatroomMuteAll" classname="hlife.test.integration.LiveRtcFunc" time="0">
    <skipped message="Method LiveRtcFunc.chatroomMuteAll()[pri:0, instance:hlife.test.integration.LiveRtcFunc@16267862] depends on not successfully finished methods"/>
  </testcase>
  <testcase name="chatroomManage_getout" classname="hlife.test.integration.LiveRtcFunc" time="0">
    <skipped message="Method LiveRtcFunc.chatroomManage_getout()[pri:0, instance:hlife.test.integration.LiveRtcFunc@16267862] depends on not successfully finished methods"/>
  </testcase>
  <testcase name="chatroomApply" classname="hlife.test.integration.LiveRtcFunc" time="0">
    <skipped message="Method LiveRtcFunc.chatroomApply()[pri:0, instance:hlife.test.integration.LiveRtcFunc@16267862] depends on not successfully finished methods"/>
  </testcase>
  <testcase name="chatroomApplyList" classname="hlife.test.integration.LiveRtcFunc" time="0">
    <skipped message="Method LiveRtcFunc.chatroomApplyList()[pri:0, instance:hlife.test.integration.LiveRtcFunc@16267862] depends on not successfully finished methods"/>
  </testcase>
  <testcase name="chatroomAgree" classname="hlife.test.integration.LiveRtcFunc" time="0">
    <skipped message="Method LiveRtcFunc.chatroomAgree()[pri:0, instance:hlife.test.integration.LiveRtcFunc@16267862] depends on not successfully finished methods"/>
  </testcase>
  <testcase name="chatroomUserCloseMute" classname="hlife.test.integration.LiveRtcFunc" time="0">
    <skipped message="Method LiveRtcFunc.chatroomUserCloseMute()[pri:0, instance:hlife.test.integration.LiveRtcFunc@16267862] depends on not successfully finished methods"/>
  </testcase>
  <testcase name="liveCloseRtcFunc" classname="hlife.test.integration.LiveRtcFunc" time="0">
    <skipped message="Method LiveRtcFunc.liveCloseRtcFunc()[pri:0, instance:hlife.test.integration.LiveRtcFunc@16267862] depends on not successfully finished methods"/>
  </testcase>
  <testcase name="houseDefaultCity" classname="hlife.test.integration.LivePower" time="0.135"/>
  <testcase name="liveCategoryList" classname="hlife.test.integration.LivePower" time="0.161"/>
  <testcase name="house_list" classname="hlife.test.integration.LivePower" time="1.662"/>
  <testcase name="liveCreate" classname="hlife.test.integration.LivePower" time="2.973"/>
  <testcase name="liveJoin" classname="hlife.test.integration.LivePower" time="0.598"/>
  <testcase name="publicReDataEdit" classname="hlife.test.integration.LivePower" time="0.345"/>
  <testcase name="publicReDataList" classname="hlife.test.integration.LivePower" time="1.483"/>
  <testcase name="liveBan" classname="hlife.test.integration.LivePower" time="0.745"/>
  <testcase name="liveBlock" classname="hlife.test.integration.LivePower" time="1.608"/>
  <testcase name="liveManageAdd" classname="hlife.test.integration.LivePower" time="0.523"/>
  <testcase name="liveReShow" classname="hlife.test.integration.LivePower" time="0.5"/>
  <testcase name="liveManageDel" classname="hlife.test.integration.LivePower" time="0.546"/>
  <testcase name="liveUnBan" classname="hlife.test.integration.LivePower" time="0.836"/>
  <testcase name="liveUnBlock" classname="hlife.test.integration.LivePower" time="0.919"/>
  <testcase name="liveReHide" classname="hlife.test.integration.LivePower" time="0.5"/>
  <testcase name="cardorderVerifyInvoice" classname="hlife.test.integration.Giftcard" time="15.977"/>
  <testcase name="coursecardList" classname="hlife.test.integration.Giftcard" time="2.007"/>
  <testcase name="invoicesCreatetitle" classname="hlife.test.integration.Giftcard" time="3.353"/>
  <testcase name="coursecardCooperation" classname="hlife.test.integration.Giftcard" time="0.147"/>
  <testcase name="cardorderCreateOrder" classname="hlife.test.integration.Giftcard" time="0.17"/>
  <testcase name="coursecardDetail" classname="hlife.test.integration.Giftcard" time="8.148"/>
  <testcase name="invoicesListtitle" classname="hlife.test.integration.Giftcard" time="0.175"/>
  <testcase name="cardorderList" classname="hlife.test.integration.Giftcard" time="0.337"/>
  <testcase name="invoicesDeletetitle" classname="hlife.test.integration.Giftcard" time="0.646"/>
  <testcase name="cardorderCancel" classname="hlife.test.integration.Giftcard" time="0.159"/>
  <testcase name="cardorderDelete" classname="hlife.test.integration.Giftcard" time="0.155"/>
  <testcase name="tagList" classname="hlife.test.integration.HouseList" time="0.158"/>
  <testcase name="city" classname="hlife.test.integration.HouseList" time="0.159"/>
  <testcase name="brandList" classname="hlife.test.integration.HouseList" time="1.981"/>
  <testcase name="houseList" classname="hlife.test.integration.HouseList" time="23.561"/>
  <testcase name="houseList_barand" classname="hlife.test.integration.HouseList" time="15.437"/>
</testsuite>