<?xml version="1.0" encoding="UTF-8"?>
<!-- Generated by org.testng.reporters.JUnitReportReporter -->
<testsuite skipped="0" hostname="DESK-20180722NA" name="hlife.test.integration.HouseList" tests="5" failures="0" timestamp="23 Sep 2021 10:07:57 GMT" time="40.477" errors="0">
  <testcase name="houseList" time="23.182" classname="hlife.test.integration.HouseList"/>
  <testcase name="houseList_barand" time="15.015" classname="hlife.test.integration.HouseList"/>
  <testcase name="tagList" time="0.155" classname="hlife.test.integration.HouseList"/>
  <testcase name="city" time="0.156" classname="hlife.test.integration.HouseList"/>
  <testcase name="brandList" time="1.969" classname="hlife.test.integration.HouseList"/>
</testsuite> <!-- hlife.test.integration.HouseList -->
