<?xml version="1.0" encoding="UTF-8"?>
<!-- Generated by org.testng.reporters.JUnitReportReporter -->
<testsuite skipped="0" hostname="DESK-20180722NA" name="hlife.test.integration.LiveRoom" tests="11" failures="0" timestamp="23 Sep 2021 10:07:57 GMT" time="71.893" errors="0">
  <testcase name="liveCreate" time="2.973" classname="hlife.test.integration.LiveRoom"/>
  <testcase name="liveStatus" time="0.512" classname="hlife.test.integration.LiveRoom"/>
  <testcase name="followIndex" time="12.248" classname="hlife.test.integration.LiveRoom"/>
  <testcase name="liveUserInfo" time="6.174" classname="hlife.test.integration.LiveRoom"/>
  <testcase name="fansGroupDetail" time="6.080" classname="hlife.test.integration.LiveRoom"/>
  <testcase name="liveDetail" time="1.113" classname="hlife.test.integration.LiveRoom"/>
  <testcase name="fansGroupApply" time="15.862" classname="hlife.test.integration.LiveRoom"/>
  <testcase name="liveAppCreate1" time="6.556" classname="hlife.test.integration.LiveRoom"/>
  <testcase name="QuitOrJoin" time="13.929" classname="hlife.test.integration.LiveRoom"/>
  <testcase name="liveAppCreate" time="6.291" classname="hlife.test.integration.LiveRoom"/>
  <testcase name="liveCategoryList" time="0.155" classname="hlife.test.integration.LiveRoom"/>
</testsuite> <!-- hlife.test.integration.LiveRoom -->
