<?xml version="1.0" encoding="UTF-8"?>
<!-- Generated by org.testng.reporters.JUnitReportReporter -->
<testsuite skipped="8" hostname="DESK-20180722NA" name="hlife.test.integration.LiveRtcFunc" tests="14" failures="0" timestamp="23 Sep 2021 10:07:56 GMT" time="41.489" errors="1">
  <testcase name="liveCloseRtcFunc" time="0.000" classname="hlife.test.integration.LiveRtcFunc">
    <skipped/>
  </testcase> <!-- liveCloseRtcFunc -->
  <testcase name="liveOpenRtcFunc" time="0.627" classname="hlife.test.integration.LiveRtcFunc"/>
  <testcase name="chatroomUserAgree" time="24.653" classname="hlife.test.integration.LiveRtcFunc">
    <error type="org.apache.http.conn.HttpHostConnectException" message="Connect to apitest.hishenghuo.com.cn:4000 [apitest.hishenghuo.com.cn/180.168.92.154] failed: Connection timed out: connect">
      <![CDATA[org.apache.http.conn.HttpHostConnectException: Connect to apitest.hishenghuo.com.cn:4000 [apitest.hishenghuo.com.cn/180.168.92.154] failed: Connection timed out: connect
at org.apache.http.impl.conn.DefaultHttpClientConnectionOperator.connect(DefaultHttpClientConnectionOperator.java:158)
at org.apache.http.impl.conn.PoolingHttpClientConnectionManager.connect(PoolingHttpClientConnectionManager.java:353)
at org.apache.http.impl.execchain.MainClientExec.establishRoute(MainClientExec.java:380)
at org.apache.http.impl.execchain.MainClientExec.execute(MainClientExec.java:236)
at org.apache.http.impl.execchain.ProtocolExec.execute(ProtocolExec.java:184)
at org.apache.http.impl.execchain.RetryExec.execute(RetryExec.java:88)
at org.apache.http.impl.execchain.RedirectExec.execute(RedirectExec.java:110)
at org.apache.http.impl.client.InternalHttpClient.doExecute(InternalHttpClient.java:184)
at org.apache.http.impl.client.CloseableHttpClient.execute(CloseableHttpClient.java:82)
at org.apache.http.impl.client.CloseableHttpClient.execute(CloseableHttpClient.java:107)
at hlife.httpclient.HttpClient.post(HttpClient.java:171)
at hlife.httpclient.HttpClient.post(HttpClient.java:188)
at hlife.test.integration.LiveRtcFunc.chatroomManagement(LiveRtcFunc.java:767)
at hlife.test.integration.LiveRtcFunc.chatroomUserAgree(LiveRtcFunc.java:298)
at sun.reflect.NativeMethodAccessorImpl.invoke0(Native Method)
at sun.reflect.NativeMethodAccessorImpl.invoke(NativeMethodAccessorImpl.java:62)
at sun.reflect.DelegatingMethodAccessorImpl.invoke(DelegatingMethodAccessorImpl.java:43)
at java.lang.reflect.Method.invoke(Method.java:498)
at org.testng.internal.MethodInvocationHelper.invokeMethod(MethodInvocationHelper.java:124)
at org.testng.internal.Invoker.invokeMethod(Invoker.java:580)
at org.testng.internal.Invoker.invokeTestMethod(Invoker.java:716)
at org.testng.internal.Invoker.invokeTestMethods(Invoker.java:988)
at org.testng.internal.TestMethodWorker.invokeTestMethods(TestMethodWorker.java:125)
at org.testng.internal.TestMethodWorker.run(TestMethodWorker.java:109)
at org.testng.TestRunner.privateRun(TestRunner.java:648)
at org.testng.TestRunner.run(TestRunner.java:505)
at org.testng.SuiteRunner.runTest(SuiteRunner.java:455)
at org.testng.SuiteRunner.runSequentially(SuiteRunner.java:450)
at org.testng.SuiteRunner.privateRun(SuiteRunner.java:415)
at org.testng.SuiteRunner.run(SuiteRunner.java:364)
at org.testng.SuiteRunnerWorker.runSuite(SuiteRunnerWorker.java:52)
at org.testng.SuiteRunnerWorker.run(SuiteRunnerWorker.java:84)
at org.testng.TestNG.runSuitesSequentially(TestNG.java:1208)
at org.testng.TestNG.runSuitesSequentially(TestNG.java:1204)
at org.testng.TestNG.runSuitesSequentially(TestNG.java:1204)
at org.testng.TestNG.runSuitesLocally(TestNG.java:1137)
at org.testng.TestNG.runSuites(TestNG.java:1049)
at org.testng.TestNG.run(TestNG.java:1017)
at org.apache.maven.surefire.testng.TestNGExecutor.run(TestNGExecutor.java:283)
at org.apache.maven.surefire.testng.TestNGXmlTestSuite.execute(TestNGXmlTestSuite.java:75)
at org.apache.maven.surefire.testng.TestNGProvider.invoke(TestNGProvider.java:120)
at org.apache.maven.surefire.booter.ForkedBooter.invokeProviderInSameClassLoader(ForkedBooter.java:383)
at org.apache.maven.surefire.booter.ForkedBooter.runSuitesInProcess(ForkedBooter.java:344)
at org.apache.maven.surefire.booter.ForkedBooter.execute(ForkedBooter.java:125)
at org.apache.maven.surefire.booter.ForkedBooter.main(ForkedBooter.java:417)
Caused by: java.net.ConnectException: Connection timed out: connect
at java.net.DualStackPlainSocketImpl.connect0(Native Method)
at java.net.DualStackPlainSocketImpl.socketConnect(DualStackPlainSocketImpl.java:79)
at java.net.AbstractPlainSocketImpl.doConnect(AbstractPlainSocketImpl.java:350)
at java.net.AbstractPlainSocketImpl.connectToAddress(AbstractPlainSocketImpl.java:206)
at java.net.AbstractPlainSocketImpl.connect(AbstractPlainSocketImpl.java:188)
at java.net.PlainSocketImpl.connect(PlainSocketImpl.java:172)
at java.net.SocksSocketImpl.connect(SocksSocketImpl.java:392)
at java.net.Socket.connect(Socket.java:589)
at org.apache.http.conn.socket.PlainConnectionSocketFactory.connectSocket(PlainConnectionSocketFactory.java:74)
at org.apache.http.impl.conn.DefaultHttpClientConnectionOperator.connect(DefaultHttpClientConnectionOperator.java:141)
... 44 more
]]>
    </error>
  </testcase> <!-- chatroomUserAgree -->
  <testcase name="chatroomManage_getout" time="0.000" classname="hlife.test.integration.LiveRtcFunc">
    <skipped/>
  </testcase> <!-- chatroomManage_getout -->
  <testcase name="chatroomApplyList" time="0.000" classname="hlife.test.integration.LiveRtcFunc">
    <skipped/>
  </testcase> <!-- chatroomApplyList -->
  <testcase name="chatroomInvite" time="0.313" classname="hlife.test.integration.LiveRtcFunc"/>
  <testcase name="chatroomApply" time="0.000" classname="hlife.test.integration.LiveRtcFunc">
    <skipped/>
  </testcase> <!-- chatroomApply -->
  <testcase name="chatroomUserCloseMute" time="0.000" classname="hlife.test.integration.LiveRtcFunc">
    <skipped/>
  </testcase> <!-- chatroomUserCloseMute -->
  <testcase name="chatroomAgree" time="0.000" classname="hlife.test.integration.LiveRtcFunc">
    <skipped/>
  </testcase> <!-- chatroomAgree -->
  <testcase name="liveCreate" time="3.135" classname="hlife.test.integration.LiveRtcFunc"/>
  <testcase name="liveJoin" time="0.936" classname="hlife.test.integration.LiveRtcFunc"/>
  <testcase name="chatroomMuteAll" time="0.000" classname="hlife.test.integration.LiveRtcFunc">
    <skipped/>
  </testcase> <!-- chatroomMuteAll -->
  <testcase name="liveCategoryList" time="11.825" classname="hlife.test.integration.LiveRtcFunc"/>
  <testcase name="chatroomManage" time="0.000" classname="hlife.test.integration.LiveRtcFunc">
    <skipped/>
  </testcase> <!-- chatroomManage -->
</testsuite> <!-- hlife.test.integration.LiveRtcFunc -->
