<?xml version="1.0" encoding="UTF-8"?>
<!-- Generated by org.testng.reporters.JUnitReportReporter -->
<testsuite skipped="0" hostname="DESK-20180722NA" name="hlife.test.integration.LiveList" tests="7" failures="0" timestamp="23 Sep 2021 10:07:57 GMT" time="73.433" errors="0">
  <testcase name="liveCategoryList" time="0.151" classname="hlife.test.integration.LiveList"/>
  <testcase name="liveCategorySort" time="6.771" classname="hlife.test.integration.LiveList"/>
  <testcase name="liveFocuslist" time="55.007" classname="hlife.test.integration.LiveList"/>
  <testcase name="liveRecommend" time="0.155" classname="hlife.test.integration.LiveList"/>
  <testcase name="liveRecommendlist" time="6.758" classname="hlife.test.integration.LiveList"/>
  <testcase name="advList" time="0.644" classname="hlife.test.integration.LiveList"/>
  <testcase name="liveList" time="3.947" classname="hlife.test.integration.LiveList"/>
</testsuite> <!-- hlife.test.integration.LiveList -->
