<?xml version="1.0" encoding="UTF-8"?>
<!-- Generated by org.testng.reporters.JUnitReportReporter -->
<testsuite skipped="0" hostname="DESK-20180722NA" name="hlife.test.integration.Fast" tests="2" failures="0" timestamp="13 Aug 2021 09:43:19 GMT" time="54.530" errors="0">
  <testcase name="verifyFast" time="26.609" classname="hlife.test.integration.Fast"/>
  <testcase name="pwdFast" time="27.921" classname="hlife.test.integration.Fast"/>
</testsuite> <!-- hlife.test.integration.Fast -->
