<?xml version="1.0" encoding="UTF-8"?>
<!-- Generated by org.testng.reporters.JUnitReportReporter -->
<testsuite skipped="0" hostname="DESK-20180722NA" name="hlife.test.integration.Giftcard" tests="11" failures="0" timestamp="23 Sep 2021 10:07:57 GMT" time="31.136" errors="0">
  <testcase name="invoicesListtitle" time="0.166" classname="hlife.test.integration.Giftcard"/>
  <testcase name="invoicesDeletetitle" time="0.637" classname="hlife.test.integration.Giftcard"/>
  <testcase name="coursecardDetail" time="8.107" classname="hlife.test.integration.Giftcard"/>
  <testcase name="cardorderVerifyInvoice" time="15.964" classname="hlife.test.integration.Giftcard"/>
  <testcase name="coursecardCooperation" time="0.147" classname="hlife.test.integration.Giftcard"/>
  <testcase name="coursecardList" time="1.996" classname="hlife.test.integration.Giftcard"/>
  <testcase name="invoicesCreatetitle" time="3.308" classname="hlife.test.integration.Giftcard"/>
  <testcase name="cardorderCreateOrder" time="0.168" classname="hlife.test.integration.Giftcard"/>
  <testcase name="cardorderList" time="0.332" classname="hlife.test.integration.Giftcard"/>
  <testcase name="cardorderDelete" time="0.153" classname="hlife.test.integration.Giftcard"/>
  <testcase name="cardorderCancel" time="0.158" classname="hlife.test.integration.Giftcard"/>
</testsuite> <!-- hlife.test.integration.Giftcard -->
